[  0%] Built target std_srvs_generate_messages_lisp
[  0%] Built target _vmxpi_ros_generate_messages_check_deps_StringRes
[  0%] Built target _vmxpi_ros_generate_messages_check_deps_IntRes
[  0%] Built target _vmxpi_ros_generate_messages_check_deps_Float
[  0%] Built target _vmxpi_ros_generate_messages_check_deps_Int
[  0%] Built target _vmxpi_ros_generate_messages_check_deps_UniqueID
[  0%] Built target _vmxpi_ros_generate_messages_check_deps_TitanInfo
[  0%] Built target _vmxpi_ros_generate_messages_check_deps_StopMode
[  0%] Built target sensor_msgs_generate_messages_lisp
[  0%] Built target _vmxpi_ros_generate_messages_check_deps_MotorSpeed
[  0%] Built target std_msgs_generate_messages_lisp
[  0%] Built target geometry_msgs_generate_messages_lisp
[  0%] Built target std_srvs_generate_messages_py
[  0%] Built target _vmxpi_ros_generate_messages_check_deps_LimitSwitch
[  0%] Built target std_msgs_generate_messages_py
[  0%] Built target geometry_msgs_generate_messages_py
[  0%] Built target sensor_msgs_generate_messages_py
[  0%] Built target _vmxpi_ros_generate_messages_check_deps_FloatRes
[  0%] Built target std_srvs_generate_messages_eus
[  0%] Built target std_msgs_generate_messages_eus
[  0%] Built target geometry_msgs_generate_messages_eus
[  0%] Built target sensor_msgs_generate_messages_eus
[  0%] Built target geometry_msgs_generate_messages_nodejs
[  0%] Built target std_msgs_generate_messages_nodejs
[  0%] Built target std_srvs_generate_messages_nodejs
[  0%] Built target sensor_msgs_generate_messages_nodejs
[  0%] Built target std_srvs_generate_messages_cpp
[  0%] Built target std_msgs_generate_messages_cpp
[  0%] Built target geometry_msgs_generate_messages_cpp
[  0%] Built target sensor_msgs_generate_messages_cpp
[ 18%] Built target vmxpi_ros_generate_messages_lisp
[ 39%] Built target vmxpi_ros_generate_messages_eus
[ 62%] Built target vmxpi_ros_generate_messages_py
[ 81%] Built target vmxpi_ros_generate_messages_nodejs
[100%] Built target vmxpi_ros_generate_messages_cpp
[100%] Built target vmxpi_ros_generate_messages
