Linked: (/home/pi/catkin_ws/devel/.private/vmxpi_ros/include/vmxpi_ros/StopModeResponse.h, /home/pi/catkin_ws/devel/include/vmxpi_ros/StopModeResponse.h)
Linked: (/home/pi/catkin_ws/devel/.private/vmxpi_ros/include/vmxpi_ros/Float.h, /home/pi/catkin_ws/devel/include/vmxpi_ros/Float.h)
Linked: (/home/pi/catkin_ws/devel/.private/vmxpi_ros/include/vmxpi_ros/FloatResResponse.h, /home/pi/catkin_ws/devel/include/vmxpi_ros/FloatResResponse.h)
Linked: (/home/pi/catkin_ws/devel/.private/vmxpi_ros/include/vmxpi_ros/FloatRequest.h, /home/pi/catkin_ws/devel/include/vmxpi_ros/FloatRequest.h)
Linked: (/home/pi/catkin_ws/devel/.private/vmxpi_ros/include/vmxpi_ros/StringResRequest.h, /home/pi/catkin_ws/devel/include/vmxpi_ros/StringResRequest.h)
Linked: (/home/pi/catkin_ws/devel/.private/vmxpi_ros/include/vmxpi_ros/IntRes.h, /home/pi/catkin_ws/devel/include/vmxpi_ros/IntRes.h)
Linked: (/home/pi/catkin_ws/devel/.private/vmxpi_ros/include/vmxpi_ros/UniqueID.h, /home/pi/catkin_ws/devel/include/vmxpi_ros/UniqueID.h)
Linked: (/home/pi/catkin_ws/devel/.private/vmxpi_ros/include/vmxpi_ros/FloatResponse.h, /home/pi/catkin_ws/devel/include/vmxpi_ros/FloatResponse.h)
Linked: (/home/pi/catkin_ws/devel/.private/vmxpi_ros/include/vmxpi_ros/IntResResponse.h, /home/pi/catkin_ws/devel/include/vmxpi_ros/IntResResponse.h)
Linked: (/home/pi/catkin_ws/devel/.private/vmxpi_ros/include/vmxpi_ros/MotorSpeedResponse.h, /home/pi/catkin_ws/devel/include/vmxpi_ros/MotorSpeedResponse.h)
Linked: (/home/pi/catkin_ws/devel/.private/vmxpi_ros/include/vmxpi_ros/StringResResponse.h, /home/pi/catkin_ws/devel/include/vmxpi_ros/StringResResponse.h)
Linked: (/home/pi/catkin_ws/devel/.private/vmxpi_ros/include/vmxpi_ros/Int.h, /home/pi/catkin_ws/devel/include/vmxpi_ros/Int.h)
Linked: (/home/pi/catkin_ws/devel/.private/vmxpi_ros/include/vmxpi_ros/MotorSpeed.h, /home/pi/catkin_ws/devel/include/vmxpi_ros/MotorSpeed.h)
Linked: (/home/pi/catkin_ws/devel/.private/vmxpi_ros/include/vmxpi_ros/TitanInfo.h, /home/pi/catkin_ws/devel/include/vmxpi_ros/TitanInfo.h)
Linked: (/home/pi/catkin_ws/devel/.private/vmxpi_ros/include/vmxpi_ros/FloatRes.h, /home/pi/catkin_ws/devel/include/vmxpi_ros/FloatRes.h)
Linked: (/home/pi/catkin_ws/devel/.private/vmxpi_ros/include/vmxpi_ros/IntResRequest.h, /home/pi/catkin_ws/devel/include/vmxpi_ros/IntResRequest.h)
Linked: (/home/pi/catkin_ws/devel/.private/vmxpi_ros/include/vmxpi_ros/IntResponse.h, /home/pi/catkin_ws/devel/include/vmxpi_ros/IntResponse.h)
Linked: (/home/pi/catkin_ws/devel/.private/vmxpi_ros/include/vmxpi_ros/LimitSwitch.h, /home/pi/catkin_ws/devel/include/vmxpi_ros/LimitSwitch.h)
Linked: (/home/pi/catkin_ws/devel/.private/vmxpi_ros/include/vmxpi_ros/IntRequest.h, /home/pi/catkin_ws/devel/include/vmxpi_ros/IntRequest.h)
Linked: (/home/pi/catkin_ws/devel/.private/vmxpi_ros/include/vmxpi_ros/StopMode.h, /home/pi/catkin_ws/devel/include/vmxpi_ros/StopMode.h)
Linked: (/home/pi/catkin_ws/devel/.private/vmxpi_ros/include/vmxpi_ros/StopModeRequest.h, /home/pi/catkin_ws/devel/include/vmxpi_ros/StopModeRequest.h)
Linked: (/home/pi/catkin_ws/devel/.private/vmxpi_ros/include/vmxpi_ros/StringRes.h, /home/pi/catkin_ws/devel/include/vmxpi_ros/StringRes.h)
Linked: (/home/pi/catkin_ws/devel/.private/vmxpi_ros/include/vmxpi_ros/MotorSpeedRequest.h, /home/pi/catkin_ws/devel/include/vmxpi_ros/MotorSpeedRequest.h)
Linked: (/home/pi/catkin_ws/devel/.private/vmxpi_ros/include/vmxpi_ros/FloatResRequest.h, /home/pi/catkin_ws/devel/include/vmxpi_ros/FloatResRequest.h)
Linked: (/home/pi/catkin_ws/devel/.private/vmxpi_ros/lib/pkgconfig/vmxpi_ros.pc, /home/pi/catkin_ws/devel/lib/pkgconfig/vmxpi_ros.pc)
Linked: (/home/pi/catkin_ws/devel/.private/vmxpi_ros/lib/python3/dist-packages/vmxpi_ros/__init__.py, /home/pi/catkin_ws/devel/lib/python3/dist-packages/vmxpi_ros/__init__.py)
Linked: (/home/pi/catkin_ws/devel/.private/vmxpi_ros/lib/python3/dist-packages/vmxpi_ros/srv/_FloatRes.py, /home/pi/catkin_ws/devel/lib/python3/dist-packages/vmxpi_ros/srv/_FloatRes.py)
Linked: (/home/pi/catkin_ws/devel/.private/vmxpi_ros/lib/python3/dist-packages/vmxpi_ros/srv/_Int.py, /home/pi/catkin_ws/devel/lib/python3/dist-packages/vmxpi_ros/srv/_Int.py)
Linked: (/home/pi/catkin_ws/devel/.private/vmxpi_ros/lib/python3/dist-packages/vmxpi_ros/srv/_MotorSpeed.py, /home/pi/catkin_ws/devel/lib/python3/dist-packages/vmxpi_ros/srv/_MotorSpeed.py)
Linked: (/home/pi/catkin_ws/devel/.private/vmxpi_ros/lib/python3/dist-packages/vmxpi_ros/srv/_StringRes.py, /home/pi/catkin_ws/devel/lib/python3/dist-packages/vmxpi_ros/srv/_StringRes.py)
Linked: (/home/pi/catkin_ws/devel/.private/vmxpi_ros/lib/python3/dist-packages/vmxpi_ros/srv/_IntRes.py, /home/pi/catkin_ws/devel/lib/python3/dist-packages/vmxpi_ros/srv/_IntRes.py)
Linked: (/home/pi/catkin_ws/devel/.private/vmxpi_ros/lib/python3/dist-packages/vmxpi_ros/srv/__init__.py, /home/pi/catkin_ws/devel/lib/python3/dist-packages/vmxpi_ros/srv/__init__.py)
Linked: (/home/pi/catkin_ws/devel/.private/vmxpi_ros/lib/python3/dist-packages/vmxpi_ros/srv/_StopMode.py, /home/pi/catkin_ws/devel/lib/python3/dist-packages/vmxpi_ros/srv/_StopMode.py)
Linked: (/home/pi/catkin_ws/devel/.private/vmxpi_ros/lib/python3/dist-packages/vmxpi_ros/srv/_Float.py, /home/pi/catkin_ws/devel/lib/python3/dist-packages/vmxpi_ros/srv/_Float.py)
Linked: (/home/pi/catkin_ws/devel/.private/vmxpi_ros/lib/python3/dist-packages/vmxpi_ros/msg/_TitanInfo.py, /home/pi/catkin_ws/devel/lib/python3/dist-packages/vmxpi_ros/msg/_TitanInfo.py)
Linked: (/home/pi/catkin_ws/devel/.private/vmxpi_ros/lib/python3/dist-packages/vmxpi_ros/msg/_LimitSwitch.py, /home/pi/catkin_ws/devel/lib/python3/dist-packages/vmxpi_ros/msg/_LimitSwitch.py)
Linked: (/home/pi/catkin_ws/devel/.private/vmxpi_ros/lib/python3/dist-packages/vmxpi_ros/msg/_UniqueID.py, /home/pi/catkin_ws/devel/lib/python3/dist-packages/vmxpi_ros/msg/_UniqueID.py)
Linked: (/home/pi/catkin_ws/devel/.private/vmxpi_ros/lib/python3/dist-packages/vmxpi_ros/msg/__init__.py, /home/pi/catkin_ws/devel/lib/python3/dist-packages/vmxpi_ros/msg/__init__.py)
Linked: (/home/pi/catkin_ws/devel/.private/vmxpi_ros/share/common-lisp/ros/vmxpi_ros/srv/_package_Int.lisp, /home/pi/catkin_ws/devel/share/common-lisp/ros/vmxpi_ros/srv/_package_Int.lisp)
Linked: (/home/pi/catkin_ws/devel/.private/vmxpi_ros/share/common-lisp/ros/vmxpi_ros/srv/MotorSpeed.lisp, /home/pi/catkin_ws/devel/share/common-lisp/ros/vmxpi_ros/srv/MotorSpeed.lisp)
Linked: (/home/pi/catkin_ws/devel/.private/vmxpi_ros/share/common-lisp/ros/vmxpi_ros/srv/FloatRes.lisp, /home/pi/catkin_ws/devel/share/common-lisp/ros/vmxpi_ros/srv/FloatRes.lisp)
Linked: (/home/pi/catkin_ws/devel/.private/vmxpi_ros/share/common-lisp/ros/vmxpi_ros/srv/Int.lisp, /home/pi/catkin_ws/devel/share/common-lisp/ros/vmxpi_ros/srv/Int.lisp)
Linked: (/home/pi/catkin_ws/devel/.private/vmxpi_ros/share/common-lisp/ros/vmxpi_ros/srv/IntRes.lisp, /home/pi/catkin_ws/devel/share/common-lisp/ros/vmxpi_ros/srv/IntRes.lisp)
Linked: (/home/pi/catkin_ws/devel/.private/vmxpi_ros/share/common-lisp/ros/vmxpi_ros/srv/_package_StringRes.lisp, /home/pi/catkin_ws/devel/share/common-lisp/ros/vmxpi_ros/srv/_package_StringRes.lisp)
Linked: (/home/pi/catkin_ws/devel/.private/vmxpi_ros/share/common-lisp/ros/vmxpi_ros/srv/_package_MotorSpeed.lisp, /home/pi/catkin_ws/devel/share/common-lisp/ros/vmxpi_ros/srv/_package_MotorSpeed.lisp)
Linked: (/home/pi/catkin_ws/devel/.private/vmxpi_ros/share/common-lisp/ros/vmxpi_ros/srv/vmxpi_ros-srv.asd, /home/pi/catkin_ws/devel/share/common-lisp/ros/vmxpi_ros/srv/vmxpi_ros-srv.asd)
Linked: (/home/pi/catkin_ws/devel/.private/vmxpi_ros/share/common-lisp/ros/vmxpi_ros/srv/_package_Float.lisp, /home/pi/catkin_ws/devel/share/common-lisp/ros/vmxpi_ros/srv/_package_Float.lisp)
Linked: (/home/pi/catkin_ws/devel/.private/vmxpi_ros/share/common-lisp/ros/vmxpi_ros/srv/Float.lisp, /home/pi/catkin_ws/devel/share/common-lisp/ros/vmxpi_ros/srv/Float.lisp)
Linked: (/home/pi/catkin_ws/devel/.private/vmxpi_ros/share/common-lisp/ros/vmxpi_ros/srv/_package_FloatRes.lisp, /home/pi/catkin_ws/devel/share/common-lisp/ros/vmxpi_ros/srv/_package_FloatRes.lisp)
Linked: (/home/pi/catkin_ws/devel/.private/vmxpi_ros/share/common-lisp/ros/vmxpi_ros/srv/_package.lisp, /home/pi/catkin_ws/devel/share/common-lisp/ros/vmxpi_ros/srv/_package.lisp)
Linked: (/home/pi/catkin_ws/devel/.private/vmxpi_ros/share/common-lisp/ros/vmxpi_ros/srv/_package_StopMode.lisp, /home/pi/catkin_ws/devel/share/common-lisp/ros/vmxpi_ros/srv/_package_StopMode.lisp)
Linked: (/home/pi/catkin_ws/devel/.private/vmxpi_ros/share/common-lisp/ros/vmxpi_ros/srv/_package_IntRes.lisp, /home/pi/catkin_ws/devel/share/common-lisp/ros/vmxpi_ros/srv/_package_IntRes.lisp)
Linked: (/home/pi/catkin_ws/devel/.private/vmxpi_ros/share/common-lisp/ros/vmxpi_ros/srv/StopMode.lisp, /home/pi/catkin_ws/devel/share/common-lisp/ros/vmxpi_ros/srv/StopMode.lisp)
Linked: (/home/pi/catkin_ws/devel/.private/vmxpi_ros/share/common-lisp/ros/vmxpi_ros/srv/StringRes.lisp, /home/pi/catkin_ws/devel/share/common-lisp/ros/vmxpi_ros/srv/StringRes.lisp)
Linked: (/home/pi/catkin_ws/devel/.private/vmxpi_ros/share/common-lisp/ros/vmxpi_ros/msg/LimitSwitch.lisp, /home/pi/catkin_ws/devel/share/common-lisp/ros/vmxpi_ros/msg/LimitSwitch.lisp)
Linked: (/home/pi/catkin_ws/devel/.private/vmxpi_ros/share/common-lisp/ros/vmxpi_ros/msg/UniqueID.lisp, /home/pi/catkin_ws/devel/share/common-lisp/ros/vmxpi_ros/msg/UniqueID.lisp)
Linked: (/home/pi/catkin_ws/devel/.private/vmxpi_ros/share/common-lisp/ros/vmxpi_ros/msg/_package_LimitSwitch.lisp, /home/pi/catkin_ws/devel/share/common-lisp/ros/vmxpi_ros/msg/_package_LimitSwitch.lisp)
Linked: (/home/pi/catkin_ws/devel/.private/vmxpi_ros/share/common-lisp/ros/vmxpi_ros/msg/vmxpi_ros-msg.asd, /home/pi/catkin_ws/devel/share/common-lisp/ros/vmxpi_ros/msg/vmxpi_ros-msg.asd)
Linked: (/home/pi/catkin_ws/devel/.private/vmxpi_ros/share/common-lisp/ros/vmxpi_ros/msg/_package_UniqueID.lisp, /home/pi/catkin_ws/devel/share/common-lisp/ros/vmxpi_ros/msg/_package_UniqueID.lisp)
Linked: (/home/pi/catkin_ws/devel/.private/vmxpi_ros/share/common-lisp/ros/vmxpi_ros/msg/TitanInfo.lisp, /home/pi/catkin_ws/devel/share/common-lisp/ros/vmxpi_ros/msg/TitanInfo.lisp)
Linked: (/home/pi/catkin_ws/devel/.private/vmxpi_ros/share/common-lisp/ros/vmxpi_ros/msg/_package_TitanInfo.lisp, /home/pi/catkin_ws/devel/share/common-lisp/ros/vmxpi_ros/msg/_package_TitanInfo.lisp)
Linked: (/home/pi/catkin_ws/devel/.private/vmxpi_ros/share/common-lisp/ros/vmxpi_ros/msg/_package.lisp, /home/pi/catkin_ws/devel/share/common-lisp/ros/vmxpi_ros/msg/_package.lisp)
Linked: (/home/pi/catkin_ws/devel/.private/vmxpi_ros/share/roseus/ros/vmxpi_ros/manifest.l, /home/pi/catkin_ws/devel/share/roseus/ros/vmxpi_ros/manifest.l)
Linked: (/home/pi/catkin_ws/devel/.private/vmxpi_ros/share/roseus/ros/vmxpi_ros/srv/StringRes.l, /home/pi/catkin_ws/devel/share/roseus/ros/vmxpi_ros/srv/StringRes.l)
Linked: (/home/pi/catkin_ws/devel/.private/vmxpi_ros/share/roseus/ros/vmxpi_ros/srv/StopMode.l, /home/pi/catkin_ws/devel/share/roseus/ros/vmxpi_ros/srv/StopMode.l)
Linked: (/home/pi/catkin_ws/devel/.private/vmxpi_ros/share/roseus/ros/vmxpi_ros/srv/MotorSpeed.l, /home/pi/catkin_ws/devel/share/roseus/ros/vmxpi_ros/srv/MotorSpeed.l)
Linked: (/home/pi/catkin_ws/devel/.private/vmxpi_ros/share/roseus/ros/vmxpi_ros/srv/Float.l, /home/pi/catkin_ws/devel/share/roseus/ros/vmxpi_ros/srv/Float.l)
Linked: (/home/pi/catkin_ws/devel/.private/vmxpi_ros/share/roseus/ros/vmxpi_ros/srv/FloatRes.l, /home/pi/catkin_ws/devel/share/roseus/ros/vmxpi_ros/srv/FloatRes.l)
Linked: (/home/pi/catkin_ws/devel/.private/vmxpi_ros/share/roseus/ros/vmxpi_ros/srv/Int.l, /home/pi/catkin_ws/devel/share/roseus/ros/vmxpi_ros/srv/Int.l)
Linked: (/home/pi/catkin_ws/devel/.private/vmxpi_ros/share/roseus/ros/vmxpi_ros/srv/IntRes.l, /home/pi/catkin_ws/devel/share/roseus/ros/vmxpi_ros/srv/IntRes.l)
Linked: (/home/pi/catkin_ws/devel/.private/vmxpi_ros/share/roseus/ros/vmxpi_ros/msg/TitanInfo.l, /home/pi/catkin_ws/devel/share/roseus/ros/vmxpi_ros/msg/TitanInfo.l)
Linked: (/home/pi/catkin_ws/devel/.private/vmxpi_ros/share/roseus/ros/vmxpi_ros/msg/UniqueID.l, /home/pi/catkin_ws/devel/share/roseus/ros/vmxpi_ros/msg/UniqueID.l)
Linked: (/home/pi/catkin_ws/devel/.private/vmxpi_ros/share/roseus/ros/vmxpi_ros/msg/LimitSwitch.l, /home/pi/catkin_ws/devel/share/roseus/ros/vmxpi_ros/msg/LimitSwitch.l)
Linked: (/home/pi/catkin_ws/devel/.private/vmxpi_ros/share/vmxpi_ros/cmake/vmxpi_ros-msg-paths.cmake, /home/pi/catkin_ws/devel/share/vmxpi_ros/cmake/vmxpi_ros-msg-paths.cmake)
Linked: (/home/pi/catkin_ws/devel/.private/vmxpi_ros/share/vmxpi_ros/cmake/vmxpi_ros-msg-extras.cmake, /home/pi/catkin_ws/devel/share/vmxpi_ros/cmake/vmxpi_ros-msg-extras.cmake)
Linked: (/home/pi/catkin_ws/devel/.private/vmxpi_ros/share/vmxpi_ros/cmake/vmxpi_rosConfig.cmake, /home/pi/catkin_ws/devel/share/vmxpi_ros/cmake/vmxpi_rosConfig.cmake)
Linked: (/home/pi/catkin_ws/devel/.private/vmxpi_ros/share/vmxpi_ros/cmake/vmxpi_rosConfig-version.cmake, /home/pi/catkin_ws/devel/share/vmxpi_ros/cmake/vmxpi_rosConfig-version.cmake)
Linked: (/home/pi/catkin_ws/devel/.private/vmxpi_ros/share/gennodejs/ros/vmxpi_ros/_index.js, /home/pi/catkin_ws/devel/share/gennodejs/ros/vmxpi_ros/_index.js)
Linked: (/home/pi/catkin_ws/devel/.private/vmxpi_ros/share/gennodejs/ros/vmxpi_ros/srv/MotorSpeed.js, /home/pi/catkin_ws/devel/share/gennodejs/ros/vmxpi_ros/srv/MotorSpeed.js)
Linked: (/home/pi/catkin_ws/devel/.private/vmxpi_ros/share/gennodejs/ros/vmxpi_ros/srv/StringRes.js, /home/pi/catkin_ws/devel/share/gennodejs/ros/vmxpi_ros/srv/StringRes.js)
Linked: (/home/pi/catkin_ws/devel/.private/vmxpi_ros/share/gennodejs/ros/vmxpi_ros/srv/StopMode.js, /home/pi/catkin_ws/devel/share/gennodejs/ros/vmxpi_ros/srv/StopMode.js)
Linked: (/home/pi/catkin_ws/devel/.private/vmxpi_ros/share/gennodejs/ros/vmxpi_ros/srv/Float.js, /home/pi/catkin_ws/devel/share/gennodejs/ros/vmxpi_ros/srv/Float.js)
Linked: (/home/pi/catkin_ws/devel/.private/vmxpi_ros/share/gennodejs/ros/vmxpi_ros/srv/FloatRes.js, /home/pi/catkin_ws/devel/share/gennodejs/ros/vmxpi_ros/srv/FloatRes.js)
Linked: (/home/pi/catkin_ws/devel/.private/vmxpi_ros/share/gennodejs/ros/vmxpi_ros/srv/IntRes.js, /home/pi/catkin_ws/devel/share/gennodejs/ros/vmxpi_ros/srv/IntRes.js)
Linked: (/home/pi/catkin_ws/devel/.private/vmxpi_ros/share/gennodejs/ros/vmxpi_ros/srv/Int.js, /home/pi/catkin_ws/devel/share/gennodejs/ros/vmxpi_ros/srv/Int.js)
Linked: (/home/pi/catkin_ws/devel/.private/vmxpi_ros/share/gennodejs/ros/vmxpi_ros/srv/_index.js, /home/pi/catkin_ws/devel/share/gennodejs/ros/vmxpi_ros/srv/_index.js)
Linked: (/home/pi/catkin_ws/devel/.private/vmxpi_ros/share/gennodejs/ros/vmxpi_ros/msg/TitanInfo.js, /home/pi/catkin_ws/devel/share/gennodejs/ros/vmxpi_ros/msg/TitanInfo.js)
Linked: (/home/pi/catkin_ws/devel/.private/vmxpi_ros/share/gennodejs/ros/vmxpi_ros/msg/UniqueID.js, /home/pi/catkin_ws/devel/share/gennodejs/ros/vmxpi_ros/msg/UniqueID.js)
Linked: (/home/pi/catkin_ws/devel/.private/vmxpi_ros/share/gennodejs/ros/vmxpi_ros/msg/LimitSwitch.js, /home/pi/catkin_ws/devel/share/gennodejs/ros/vmxpi_ros/msg/LimitSwitch.js)
Linked: (/home/pi/catkin_ws/devel/.private/vmxpi_ros/share/gennodejs/ros/vmxpi_ros/msg/_index.js, /home/pi/catkin_ws/devel/share/gennodejs/ros/vmxpi_ros/msg/_index.js)
