Linked: (/home/pi/catkin_ws/devel/.private/vmxpi_ros_bringup/include/vmxpi_ros_bringup/MotorSpeedConfig.h, /home/pi/catkin_ws/devel/include/vmxpi_ros_bringup/MotorSpeedConfig.h)
Linked: (/home/pi/catkin_ws/devel/.private/vmxpi_ros_bringup/lib/vmxpi_ros_bringup/MoveArm, /home/pi/catkin_ws/devel/lib/vmxpi_ros_bringup/MoveArm)
Linked: (/home/pi/catkin_ws/devel/.private/vmxpi_ros_bringup/lib/vmxpi_ros_bringup/Teleopmovement, /home/pi/catkin_ws/devel/lib/vmxpi_ros_bringup/Teleopmovement)
Linked: (/home/pi/catkin_ws/devel/.private/vmxpi_ros_bringup/lib/vmxpi_ros_bringup/KeyboardInputs, /home/pi/catkin_ws/devel/lib/vmxpi_ros_bringup/KeyboardInputs)
Linked: (/home/pi/catkin_ws/devel/.private/vmxpi_ros_bringup/lib/vmxpi_ros_bringup/JoystickInput, /home/pi/catkin_ws/devel/lib/vmxpi_ros_bringup/JoystickInput)
Linked: (/home/pi/catkin_ws/devel/.private/vmxpi_ros_bringup/lib/vmxpi_ros_bringup/main_node, /home/pi/catkin_ws/devel/lib/vmxpi_ros_bringup/main_node)
Linked: (/home/pi/catkin_ws/devel/.private/vmxpi_ros_bringup/lib/vmxpi_ros_bringup/TeleopOut, /home/pi/catkin_ws/devel/lib/vmxpi_ros_bringup/TeleopOut)
Linked: (/home/pi/catkin_ws/devel/.private/vmxpi_ros_bringup/lib/vmxpi_ros_bringup/Battery, /home/pi/catkin_ws/devel/lib/vmxpi_ros_bringup/Battery)
Linked: (/home/pi/catkin_ws/devel/.private/vmxpi_ros_bringup/lib/vmxpi_ros_bringup/testarm, /home/pi/catkin_ws/devel/lib/vmxpi_ros_bringup/testarm)
Linked: (/home/pi/catkin_ws/devel/.private/vmxpi_ros_bringup/lib/vmxpi_ros_bringup/movement_node, /home/pi/catkin_ws/devel/lib/vmxpi_ros_bringup/movement_node)
Linked: (/home/pi/catkin_ws/devel/.private/vmxpi_ros_bringup/lib/vmxpi_ros_bringup/test_node, /home/pi/catkin_ws/devel/lib/vmxpi_ros_bringup/test_node)
Linked: (/home/pi/catkin_ws/devel/.private/vmxpi_ros_bringup/lib/vmxpi_ros_bringup/TESTING, /home/pi/catkin_ws/devel/lib/vmxpi_ros_bringup/TESTING)
Linked: (/home/pi/catkin_ws/devel/.private/vmxpi_ros_bringup/lib/pkgconfig/vmxpi_ros_bringup.pc, /home/pi/catkin_ws/devel/lib/pkgconfig/vmxpi_ros_bringup.pc)
Linked: (/home/pi/catkin_ws/devel/.private/vmxpi_ros_bringup/lib/python3/dist-packages/vmxpi_ros_bringup/__init__.py, /home/pi/catkin_ws/devel/lib/python3/dist-packages/vmxpi_ros_bringup/__init__.py)
Linked: (/home/pi/catkin_ws/devel/.private/vmxpi_ros_bringup/lib/python3/dist-packages/vmxpi_ros_bringup/cfg/MotorSpeedConfig.py, /home/pi/catkin_ws/devel/lib/python3/dist-packages/vmxpi_ros_bringup/cfg/MotorSpeedConfig.py)
Linked: (/home/pi/catkin_ws/devel/.private/vmxpi_ros_bringup/lib/python3/dist-packages/vmxpi_ros_bringup/cfg/__init__.py, /home/pi/catkin_ws/devel/lib/python3/dist-packages/vmxpi_ros_bringup/cfg/__init__.py)
Linked: (/home/pi/catkin_ws/devel/.private/vmxpi_ros_bringup/share/vmxpi_ros_bringup/cmake/vmxpi_ros_bringupConfig.cmake, /home/pi/catkin_ws/devel/share/vmxpi_ros_bringup/cmake/vmxpi_ros_bringupConfig.cmake)
Linked: (/home/pi/catkin_ws/devel/.private/vmxpi_ros_bringup/share/vmxpi_ros_bringup/cmake/vmxpi_ros_bringupConfig-version.cmake, /home/pi/catkin_ws/devel/share/vmxpi_ros_bringup/cmake/vmxpi_ros_bringupConfig-version.cmake)
Linked: (/home/pi/catkin_ws/devel/.private/vmxpi_ros_bringup/share/vmxpi_ros_bringup/docs/MotorSpeedConfig.wikidoc, /home/pi/catkin_ws/devel/share/vmxpi_ros_bringup/docs/MotorSpeedConfig.wikidoc)
Linked: (/home/pi/catkin_ws/devel/.private/vmxpi_ros_bringup/share/vmxpi_ros_bringup/docs/MotorSpeedConfig-usage.dox, /home/pi/catkin_ws/devel/share/vmxpi_ros_bringup/docs/MotorSpeedConfig-usage.dox)
Linked: (/home/pi/catkin_ws/devel/.private/vmxpi_ros_bringup/share/vmxpi_ros_bringup/docs/MotorSpeedConfig.dox, /home/pi/catkin_ws/devel/share/vmxpi_ros_bringup/docs/MotorSpeedConfig.dox)
