[01m[K/home/pi/catkin_ws/src/vmxpi_ros/vmxpi_ros_bringup/src/JoystickInput.cpp:5:35:[m[K [01;31m[Kerror: [m[K‘[01m[Kjoy[m[K’ declared as reference but not initialized
 const sensor_msgs::Joy::ConstPtr& [01;31m[Kjoy[m[K;
                                   [01;31m[K^~~[m[K
[01m[K/home/pi/catkin_ws/src/vmxpi_ros/vmxpi_ros_bringup/src/JoystickInput.cpp:[m[K In function ‘[01m[Kvoid joyCallback(const ConstPtr&)[m[K’:
[01m[K/home/pi/catkin_ws/src/vmxpi_ros/vmxpi_ros_bringup/src/JoystickInput.cpp:52:36:[m[K [01;31m[Kerror: [m[Ktoo many arguments to function ‘[01m[Kstd::__cxx11::string getJoystickInput()[m[K’
     key.data = getJoystickInput(joy[01;31m[K)[m[K;
                                    [01;31m[K^[m[K
[01m[K/home/pi/catkin_ws/src/vmxpi_ros/vmxpi_ros_bringup/src/JoystickInput.cpp:7:13:[m[K [01;36m[Knote: [m[Kdeclared here
 std::string [01;36m[KgetJoystickInput[m[K()
             [01;36m[K^~~~~~~~~~~~~~~~[m[K
[01m[K/home/pi/catkin_ws/src/vmxpi_ros/vmxpi_ros_bringup/src/JoystickInput.cpp:[m[K In function ‘[01m[Kint main(int, char**)[m[K’:
[01m[K/home/pi/catkin_ws/src/vmxpi_ros/vmxpi_ros_bringup/src/JoystickInput.cpp:73:33:[m[K [01;31m[Kerror: [m[Kno match for ‘[01m[Koperator=[m[K’ (operand types are ‘[01m[Kstd_msgs::String_<std::allocator<void> >::_data_type[m[K’ {aka ‘[01m[Kstd::__cxx11::basic_string<char>[m[K’} and ‘[01m[Kvoid[m[K’)
       msg.data = joyCallback(joy[01;31m[K)[m[K;
                                 [01;31m[K^[m[K
In file included from [01m[K/usr/include/c++/8/string:52[m[K,
                 from [01m[K/opt/ros/noetic/include/ros/platform.h:38[m[K,
                 from [01m[K/opt/ros/noetic/include/ros/time.h:53[m[K,
                 from [01m[K/opt/ros/noetic/include/ros/ros.h:38[m[K,
                 from [01m[K/home/pi/catkin_ws/src/vmxpi_ros/vmxpi_ros_bringup/src/JoystickInput.cpp:1[m[K:
[01m[K/usr/include/c++/8/bits/basic_string.h:664:7:[m[K [01;36m[Knote: [m[Kcandidate: ‘[01m[Kstd::__cxx11::basic_string<_CharT, _Traits, _Alloc>& std::__cxx11::basic_string<_CharT, _Traits, _Alloc>::operator=(const std::__cxx11::basic_string<_CharT, _Traits, _Alloc>&) [with _CharT = char; _Traits = std::char_traits<char>; _Alloc = std::allocator<char>][m[K’
       [01;36m[Koperator[m[K=(const basic_string& __str)
       [01;36m[K^~~~~~~~[m[K
[01m[K/usr/include/c++/8/bits/basic_string.h:664:7:[m[K [01;36m[Knote: [m[K  no known conversion for argument 1 from ‘[01m[Kvoid[m[K’ to ‘[01m[Kconst std::__cxx11::basic_string<char>&[m[K’
[01m[K/usr/include/c++/8/bits/basic_string.h:703:7:[m[K [01;36m[Knote: [m[Kcandidate: ‘[01m[Kstd::__cxx11::basic_string<_CharT, _Traits, _Alloc>& std::__cxx11::basic_string<_CharT, _Traits, _Alloc>::operator=(const _CharT*) [with _CharT = char; _Traits = std::char_traits<char>; _Alloc = std::allocator<char>][m[K’
       [01;36m[Koperator[m[K=(const _CharT* __s)
       [01;36m[K^~~~~~~~[m[K
[01m[K/usr/include/c++/8/bits/basic_string.h:703:7:[m[K [01;36m[Knote: [m[K  no known conversion for argument 1 from ‘[01m[Kvoid[m[K’ to ‘[01m[Kconst char*[m[K’
[01m[K/usr/include/c++/8/bits/basic_string.h:714:7:[m[K [01;36m[Knote: [m[Kcandidate: ‘[01m[Kstd::__cxx11::basic_string<_CharT, _Traits, _Alloc>& std::__cxx11::basic_string<_CharT, _Traits, _Alloc>::operator=(_CharT) [with _CharT = char; _Traits = std::char_traits<char>; _Alloc = std::allocator<char>][m[K’
       [01;36m[Koperator[m[K=(_CharT __c)
       [01;36m[K^~~~~~~~[m[K
[01m[K/usr/include/c++/8/bits/basic_string.h:714:7:[m[K [01;36m[Knote: [m[K  no known conversion for argument 1 from ‘[01m[Kvoid[m[K’ to ‘[01m[Kchar[m[K’
[01m[K/usr/include/c++/8/bits/basic_string.h:732:7:[m[K [01;36m[Knote: [m[Kcandidate: ‘[01m[Kstd::__cxx11::basic_string<_CharT, _Traits, _Alloc>& std::__cxx11::basic_string<_CharT, _Traits, _Alloc>::operator=(std::__cxx11::basic_string<_CharT, _Traits, _Alloc>&&) [with _CharT = char; _Traits = std::char_traits<char>; _Alloc = std::allocator<char>][m[K’
       [01;36m[Koperator[m[K=(basic_string&& __str)
       [01;36m[K^~~~~~~~[m[K
[01m[K/usr/include/c++/8/bits/basic_string.h:732:7:[m[K [01;36m[Knote: [m[K  no known conversion for argument 1 from ‘[01m[Kvoid[m[K’ to ‘[01m[Kstd::__cxx11::basic_string<char>&&[m[K’
[01m[K/usr/include/c++/8/bits/basic_string.h:795:7:[m[K [01;36m[Knote: [m[Kcandidate: ‘[01m[Kstd::__cxx11::basic_string<_CharT, _Traits, _Alloc>& std::__cxx11::basic_string<_CharT, _Traits, _Alloc>::operator=(std::initializer_list<_Tp>) [with _CharT = char; _Traits = std::char_traits<char>; _Alloc = std::allocator<char>][m[K’
       [01;36m[Koperator[m[K=(initializer_list<_CharT> __l)
       [01;36m[K^~~~~~~~[m[K
[01m[K/usr/include/c++/8/bits/basic_string.h:795:7:[m[K [01;36m[Knote: [m[K  no known conversion for argument 1 from ‘[01m[Kvoid[m[K’ to ‘[01m[Kstd::initializer_list<char>[m[K’
make[2]: *** [CMakeFiles/JoystickInput.dir/build.make:63: CMakeFiles/JoystickInput.dir/src/JoystickInput.cpp.o] Error 1
make[1]: *** [CMakeFiles/Makefile2:179: CMakeFiles/JoystickInput.dir/all] Error 2
make[1]: *** Waiting for unfinished jobs....
In file included from [01m[K/usr/include/c++/8/vector:69[m[K,
                 from [01m[K/usr/include/boost/math/special_functions/math_fwd.hpp:26[m[K,
                 from [01m[K/usr/include/boost/math/special_functions/round.hpp:15[m[K,
                 from [01m[K/opt/ros/noetic/include/ros/time.h:58[m[K,
                 from [01m[K/opt/ros/noetic/include/ros/ros.h:38[m[K,
                 from [01m[K/home/pi/catkin_ws/src/vmxpi_ros/vmxpi_ros_bringup/../vmxpi_ros_titan/include/TitanDriver_ros_wrapper.h:4[m[K,
                 from [01m[K/home/pi/catkin_ws/src/vmxpi_ros/vmxpi_ros_bringup/src/test_node.cpp:1[m[K:
[01m[K/usr/include/c++/8/bits/vector.tcc:[m[K In member function ‘[01m[Kvoid std::vector<_Tp, _Alloc>::emplace_back(_Args&& ...) [with _Args = {dynamic_reconfigure::DoubleParameter_<std::allocator<void> >}; _Tp = dynamic_reconfigure::DoubleParameter_<std::allocator<void> >; _Alloc = std::allocator<dynamic_reconfigure::DoubleParameter_<std::allocator<void> > >][m[K’:
[01m[K/usr/include/c++/8/bits/vector.tcc:109:4:[m[K [01;36m[Knote: [m[Kparameter passing for argument of type ‘[01m[K__gnu_cxx::__normal_iterator<dynamic_reconfigure::DoubleParameter_<std::allocator<void> >*, std::vector<dynamic_reconfigure::DoubleParameter_<std::allocator<void> >, std::allocator<dynamic_reconfigure::DoubleParameter_<std::allocator<void> > > > >[m[K’ changed in GCC 7.1
    [01;36m[K_M_realloc_insert[m[K(end(), std::forward<_Args>(__args)...);
    [01;36m[K^~~~~~~~~~~~~~~~~[m[K
[01m[K/usr/include/c++/8/bits/vector.tcc:[m[K In member function ‘[01m[Kvoid std::vector<_Tp, _Alloc>::_M_realloc_insert(std::vector<_Tp, _Alloc>::iterator, _Args&& ...) [with _Args = {dynamic_reconfigure::DoubleParameter_<std::allocator<void> >}; _Tp = dynamic_reconfigure::DoubleParameter_<std::allocator<void> >; _Alloc = std::allocator<dynamic_reconfigure::DoubleParameter_<std::allocator<void> > >][m[K’:
[01m[K/usr/include/c++/8/bits/vector.tcc:413:7:[m[K [01;36m[Knote: [m[Kparameter passing for argument of type ‘[01m[Kstd::vector<dynamic_reconfigure::DoubleParameter_<std::allocator<void> >, std::allocator<dynamic_reconfigure::DoubleParameter_<std::allocator<void> > > >::iterator[m[K’ {aka ‘[01m[K__gnu_cxx::__normal_iterator<dynamic_reconfigure::DoubleParameter_<std::allocator<void> >*, std::vector<dynamic_reconfigure::DoubleParameter_<std::allocator<void> >, std::allocator<dynamic_reconfigure::DoubleParameter_<std::allocator<void> > > > >[m[K’} changed in GCC 7.1
       [01;36m[Kvector<_Tp, _Alloc>[m[K::
       [01;36m[K^~~~~~~~~~~~~~~~~~~[m[K
In file included from [01m[K/usr/include/c++/8/memory:65[m[K,
                 from [01m[K/home/pi/catkin_ws/src/vmxpi_ros/vmxpi_ros_bringup/../vmxpi_ros_titan/include/TitanDriver_ros_wrapper.h:3[m[K,
                 from [01m[K/home/pi/catkin_ws/src/vmxpi_ros/vmxpi_ros_bringup/src/test_node.cpp:1[m[K:
[01m[K/usr/include/c++/8/bits/stl_uninitialized.h:[m[K In function ‘[01m[K_ForwardIterator std::__uninitialized_move_if_noexcept_a(_InputIterator, _InputIterator, _ForwardIterator, _Allocator&) [with _InputIterator = dynamic_reconfigure::DoubleParameter_<std::allocator<void> >*; _ForwardIterator = dynamic_reconfigure::DoubleParameter_<std::allocator<void> >*; _Allocator = std::allocator<dynamic_reconfigure::DoubleParameter_<std::allocator<void> > >][m[K’:
[01m[K/usr/include/c++/8/bits/stl_uninitialized.h:311:2:[m[K [01;36m[Knote: [m[Kparameter passing for argument of type ‘[01m[Kstd::move_iterator<dynamic_reconfigure::DoubleParameter_<std::allocator<void> >*>[m[K’ changed in GCC 7.1
       return [01;36m[Kstd::__uninitialized_copy_a[m[K
              [01;36m[K~~~~~~~~~~~~~~~~~~~~~~~~~~~[m[K
 [01;36m[K (_GLIBCXX_MAKE_MOVE_IF_NOEXCEPT_ITERATOR(__first),[m[K
  [01;36m[K^~~~~~~~~~~~~~~~~~~~~~~~~~~~~~~~~~~~~~~~~~~~~~~~~~[m[K
 [01;36m[K  _GLIBCXX_MAKE_MOVE_IF_NOEXCEPT_ITERATOR(__last), __result, __alloc)[m[K;
   [01;36m[K~~~~~~~~~~~~~~~~~~~~~~~~~~~~~~~~~~~~~~~~~~~~~~~~~~~~~~~~~~~~~~~~~~~[m[K
[01m[K/usr/include/c++/8/bits/stl_uninitialized.h:[m[K In function ‘[01m[K_ForwardIterator std::__uninitialized_copy_a(_InputIterator, _InputIterator, _ForwardIterator, std::allocator<_Tp>&) [with _InputIterator = std::move_iterator<dynamic_reconfigure::DoubleParameter_<std::allocator<void> >*>; _ForwardIterator = dynamic_reconfigure::DoubleParameter_<std::allocator<void> >*; _Tp = dynamic_reconfigure::DoubleParameter_<std::allocator<void> >][m[K’:
[01m[K/usr/include/c++/8/bits/stl_uninitialized.h:287:5:[m[K [01;36m[Knote: [m[Kparameter passing for argument of type ‘[01m[Kstd::move_iterator<dynamic_reconfigure::DoubleParameter_<std::allocator<void> >*>[m[K’ changed in GCC 7.1
     [01;36m[K__uninitialized_copy_a[m[K(_InputIterator __first, _InputIterator __last,
     [01;36m[K^~~~~~~~~~~~~~~~~~~~~~[m[K
[01m[K/usr/include/c++/8/bits/stl_uninitialized.h:287:5:[m[K [01;36m[Knote: [m[Kparameter passing for argument of type ‘[01m[Kstd::move_iterator<dynamic_reconfigure::DoubleParameter_<std::allocator<void> >*>[m[K’ changed in GCC 7.1
[01m[K/usr/include/c++/8/bits/stl_uninitialized.h:289:37:[m[K [01;36m[Knote: [m[Kparameter passing for argument of type ‘[01m[Kstd::move_iterator<dynamic_reconfigure::DoubleParameter_<std::allocator<void> >*>[m[K’ changed in GCC 7.1
     { return [01;36m[Kstd::uninitialized_copy(__first, __last, __result)[m[K; }
              [01;36m[K~~~~~~~~~~~~~~~~~~~~~~~^~~~~~~~~~~~~~~~~~~~~~~~~~~[m[K
[01m[K/usr/include/c++/8/bits/stl_uninitialized.h:[m[K In function ‘[01m[K_ForwardIterator std::uninitialized_copy(_InputIterator, _InputIterator, _ForwardIterator) [with _InputIterator = std::move_iterator<dynamic_reconfigure::DoubleParameter_<std::allocator<void> >*>; _ForwardIterator = dynamic_reconfigure::DoubleParameter_<std::allocator<void> >*][m[K’:
[01m[K/usr/include/c++/8/bits/stl_uninitialized.h:115:5:[m[K [01;36m[Knote: [m[Kparameter passing for argument of type ‘[01m[Kstd::move_iterator<dynamic_reconfigure::DoubleParameter_<std::allocator<void> >*>[m[K’ changed in GCC 7.1
     [01;36m[Kuninitialized_copy[m[K(_InputIterator __first, _InputIterator __last,
     [01;36m[K^~~~~~~~~~~~~~~~~~[m[K
[01m[K/usr/include/c++/8/bits/stl_uninitialized.h:115:5:[m[K [01;36m[Knote: [m[Kparameter passing for argument of type ‘[01m[Kstd::move_iterator<dynamic_reconfigure::DoubleParameter_<std::allocator<void> >*>[m[K’ changed in GCC 7.1
[01m[K/usr/include/c++/8/bits/stl_uninitialized.h:134:15:[m[K [01;36m[Knote: [m[Kparameter passing for argument of type ‘[01m[Kstd::move_iterator<dynamic_reconfigure::DoubleParameter_<std::allocator<void> >*>[m[K’ changed in GCC 7.1
       return [01;36m[Kstd::__uninitialized_copy<__is_trivial(_ValueType1)[m[K
              [01;36m[K~~~~~~~~~~~~~~~~~~~~~~~~~~~~~~~~~~~~~~~~~~~~~~~~~~~[m[K
 [01;36m[K           && __is_trivial(_ValueType2)[m[K
            [01;36m[K~~~~~~~~~~~~~~~~~~~~~~~~~~~~[m[K
 [01;36m[K           && __assignable>::[m[K
            [01;36m[K~~~~~~~~~~~~~~~~~~[m[K
 [01;36m[K __uninit_copy(__first, __last, __result)[m[K;
  [01;36m[K~~~~~~~~~~~~~^~~~~~~~~~~~~~~~~~~~~~~~~~~[m[K
[01m[K/usr/include/c++/8/bits/stl_uninitialized.h:[m[K In static member function ‘[01m[Kstatic _ForwardIterator std::__uninitialized_copy<_TrivialValueTypes>::__uninit_copy(_InputIterator, _InputIterator, _ForwardIterator) [with _InputIterator = std::move_iterator<dynamic_reconfigure::DoubleParameter_<std::allocator<void> >*>; _ForwardIterator = dynamic_reconfigure::DoubleParameter_<std::allocator<void> >*; bool _TrivialValueTypes = false][m[K’:
[01m[K/usr/include/c++/8/bits/stl_uninitialized.h:76:9:[m[K [01;36m[Knote: [m[Kparameter passing for argument of type ‘[01m[Kstd::move_iterator<dynamic_reconfigure::DoubleParameter_<std::allocator<void> >*>[m[K’ changed in GCC 7.1
         [01;36m[K__uninit_copy[m[K(_InputIterator __first, _InputIterator __last,
         [01;36m[K^~~~~~~~~~~~~[m[K
[01m[K/usr/include/c++/8/bits/stl_uninitialized.h:76:9:[m[K [01;36m[Knote: [m[Kparameter passing for argument of type ‘[01m[Kstd::move_iterator<dynamic_reconfigure::DoubleParameter_<std::allocator<void> >*>[m[K’ changed in GCC 7.1
make: *** [Makefile:141: all] Error 2
