[  4%] [34m[1mGenerating dynamic reconfigure files from cfg/motor_speed.cfg: /home/pi/catkin_ws/devel/.private/vmxpi_ros_bringup/include/vmxpi_ros_bringup/motor_speedConfig.h /home/pi/catkin_ws/devel/.private/vmxpi_ros_bringup/lib/python3/dist-packages/vmxpi_ros_bringup/cfg/motor_speedConfig.py[0m
Generating reconfiguration files for MotorSpeed in vmxpi_ros_bringup
Wrote header file in /home/pi/catkin_ws/devel/.private/vmxpi_ros_bringup/include/vmxpi_ros_bringup/MotorSpeedConfig.h
[  4%] Built target vmxpi_ros_bringup_gencfg
[ 13%] Built target JoystickInput
[ 17%] [32mBuilding CXX object CMakeFiles/movement_node.dir/src/movement_node.cpp.o[0m
[ 26%] Built target TeleopOut
[ 34%] Built target KeyboardInputs
[ 43%] Built target Teleopmovement
[ 52%] Built target MoveArm
[ 60%] Built target main_node
[35m[1mScanning dependencies of target Battery[0m
[ 65%] [32mBuilding CXX object CMakeFiles/Battery.dir/src/Battery.cpp.o[0m
[ 73%] Built target testarm
[ 78%] [32mBuilding CXX object CMakeFiles/test_node.dir/src/test_node.cpp.o[0m
[01m[K/home/pi/catkin_ws/src/vmxpi_ros/vmxpi_ros_bringup/src/Battery.cpp:[m[K In function ‘[01m[Kint main(int, char**)[m[K’:
[01m[K/home/pi/catkin_ws/src/vmxpi_ros/vmxpi_ros_bringup/src/Battery.cpp:17:16:[m[K [01;31m[Kerror: [m[Kaggregate ‘[01m[KMISCClient miscClient[m[K’ has incomplete type and cannot be defined
     MISCClient [01;31m[KmiscClient[m[K;
                [01;31m[K^~~~~~~~~~[m[K
[01m[K/home/pi/catkin_ws/src/vmxpi_ros/vmxpi_ros_bringup/src/Battery.cpp:18:33:[m[K [01;31m[Kerror: [m[K‘[01m[Kvirtual VMXPower::~VMXPower()[m[K’ is private within this context
     VMXPower vmxPower(miscClient[01;31m[K)[m[K;
                                 [01;31m[K^[m[K
In file included from [01m[K/home/pi/catkin_ws/src/vmxpi_ros/vmxpi_ros_bringup/src/Battery.cpp:3[m[K:
[01m[K/usr/local/include/vmxpi/VMXPower.h:37:10:[m[K [01;36m[Knote: [m[Kdeclared private here
  virtual [01;36m[K~[m[KVMXPower();
          [01;36m[K^[m[K
make[2]: *** [CMakeFiles/Battery.dir/build.make:63: CMakeFiles/Battery.dir/src/Battery.cpp.o] Error 1
make[1]: *** [CMakeFiles/Makefile2:945: CMakeFiles/Battery.dir/all] Error 2
make[1]: *** Waiting for unfinished jobs....
[ 82%] [32m[1mLinking CXX executable /home/pi/catkin_ws/devel/.private/vmxpi_ros_bringup/lib/vmxpi_ros_bringup/movement_node[0m
In file included from [01m[K/usr/include/c++/8/vector:69[m[K,
                 from [01m[K/usr/include/boost/math/special_functions/math_fwd.hpp:26[m[K,
                 from [01m[K/usr/include/boost/math/special_functions/round.hpp:15[m[K,
                 from [01m[K/opt/ros/noetic/include/ros/time.h:58[m[K,
                 from [01m[K/opt/ros/noetic/include/ros/ros.h:38[m[K,
                 from [01m[K/home/pi/catkin_ws/src/vmxpi_ros/vmxpi_ros_bringup/../vmxpi_ros_titan/include/TitanDriver_ros_wrapper.h:4[m[K,
                 from [01m[K/home/pi/catkin_ws/src/vmxpi_ros/vmxpi_ros_bringup/src/test_node.cpp:1[m[K:
[01m[K/usr/include/c++/8/bits/vector.tcc:[m[K In member function ‘[01m[Kvoid std::vector<_Tp, _Alloc>::emplace_back(_Args&& ...) [with _Args = {dynamic_reconfigure::DoubleParameter_<std::allocator<void> >}; _Tp = dynamic_reconfigure::DoubleParameter_<std::allocator<void> >; _Alloc = std::allocator<dynamic_reconfigure::DoubleParameter_<std::allocator<void> > >][m[K’:
[01m[K/usr/include/c++/8/bits/vector.tcc:109:4:[m[K [01;36m[Knote: [m[Kparameter passing for argument of type ‘[01m[K__gnu_cxx::__normal_iterator<dynamic_reconfigure::DoubleParameter_<std::allocator<void> >*, std::vector<dynamic_reconfigure::DoubleParameter_<std::allocator<void> >, std::allocator<dynamic_reconfigure::DoubleParameter_<std::allocator<void> > > > >[m[K’ changed in GCC 7.1
    [01;36m[K_M_realloc_insert[m[K(end(), std::forward<_Args>(__args)...);
    [01;36m[K^~~~~~~~~~~~~~~~~[m[K
[01m[K/usr/include/c++/8/bits/vector.tcc:[m[K In member function ‘[01m[Kvoid std::vector<_Tp, _Alloc>::_M_realloc_insert(std::vector<_Tp, _Alloc>::iterator, _Args&& ...) [with _Args = {dynamic_reconfigure::DoubleParameter_<std::allocator<void> >}; _Tp = dynamic_reconfigure::DoubleParameter_<std::allocator<void> >; _Alloc = std::allocator<dynamic_reconfigure::DoubleParameter_<std::allocator<void> > >][m[K’:
[01m[K/usr/include/c++/8/bits/vector.tcc:413:7:[m[K [01;36m[Knote: [m[Kparameter passing for argument of type ‘[01m[Kstd::vector<dynamic_reconfigure::DoubleParameter_<std::allocator<void> >, std::allocator<dynamic_reconfigure::DoubleParameter_<std::allocator<void> > > >::iterator[m[K’ {aka ‘[01m[K__gnu_cxx::__normal_iterator<dynamic_reconfigure::DoubleParameter_<std::allocator<void> >*, std::vector<dynamic_reconfigure::DoubleParameter_<std::allocator<void> >, std::allocator<dynamic_reconfigure::DoubleParameter_<std::allocator<void> > > > >[m[K’} changed in GCC 7.1
       [01;36m[Kvector<_Tp, _Alloc>[m[K::
       [01;36m[K^~~~~~~~~~~~~~~~~~~[m[K
In file included from [01m[K/usr/include/c++/8/memory:65[m[K,
                 from [01m[K/home/pi/catkin_ws/src/vmxpi_ros/vmxpi_ros_bringup/../vmxpi_ros_titan/include/TitanDriver_ros_wrapper.h:3[m[K,
                 from [01m[K/home/pi/catkin_ws/src/vmxpi_ros/vmxpi_ros_bringup/src/test_node.cpp:1[m[K:
[01m[K/usr/include/c++/8/bits/stl_uninitialized.h:[m[K In function ‘[01m[K_ForwardIterator std::__uninitialized_move_if_noexcept_a(_InputIterator, _InputIterator, _ForwardIterator, _Allocator&) [with _InputIterator = dynamic_reconfigure::DoubleParameter_<std::allocator<void> >*; _ForwardIterator = dynamic_reconfigure::DoubleParameter_<std::allocator<void> >*; _Allocator = std::allocator<dynamic_reconfigure::DoubleParameter_<std::allocator<void> > >][m[K’:
[01m[K/usr/include/c++/8/bits/stl_uninitialized.h:311:2:[m[K [01;36m[Knote: [m[Kparameter passing for argument of type ‘[01m[Kstd::move_iterator<dynamic_reconfigure::DoubleParameter_<std::allocator<void> >*>[m[K’ changed in GCC 7.1
       return [01;36m[Kstd::__uninitialized_copy_a[m[K
              [01;36m[K~~~~~~~~~~~~~~~~~~~~~~~~~~~[m[K
 [01;36m[K (_GLIBCXX_MAKE_MOVE_IF_NOEXCEPT_ITERATOR(__first),[m[K
  [01;36m[K^~~~~~~~~~~~~~~~~~~~~~~~~~~~~~~~~~~~~~~~~~~~~~~~~~[m[K
 [01;36m[K  _GLIBCXX_MAKE_MOVE_IF_NOEXCEPT_ITERATOR(__last), __result, __alloc)[m[K;
   [01;36m[K~~~~~~~~~~~~~~~~~~~~~~~~~~~~~~~~~~~~~~~~~~~~~~~~~~~~~~~~~~~~~~~~~~~[m[K
[01m[K/usr/include/c++/8/bits/stl_uninitialized.h:[m[K In function ‘[01m[K_ForwardIterator std::__uninitialized_copy_a(_InputIterator, _InputIterator, _ForwardIterator, std::allocator<_Tp>&) [with _InputIterator = std::move_iterator<dynamic_reconfigure::DoubleParameter_<std::allocator<void> >*>; _ForwardIterator = dynamic_reconfigure::DoubleParameter_<std::allocator<void> >*; _Tp = dynamic_reconfigure::DoubleParameter_<std::allocator<void> >][m[K’:
[01m[K/usr/include/c++/8/bits/stl_uninitialized.h:287:5:[m[K [01;36m[Knote: [m[Kparameter passing for argument of type ‘[01m[Kstd::move_iterator<dynamic_reconfigure::DoubleParameter_<std::allocator<void> >*>[m[K’ changed in GCC 7.1
     [01;36m[K__uninitialized_copy_a[m[K(_InputIterator __first, _InputIterator __last,
     [01;36m[K^~~~~~~~~~~~~~~~~~~~~~[m[K
[01m[K/usr/include/c++/8/bits/stl_uninitialized.h:287:5:[m[K [01;36m[Knote: [m[Kparameter passing for argument of type ‘[01m[Kstd::move_iterator<dynamic_reconfigure::DoubleParameter_<std::allocator<void> >*>[m[K’ changed in GCC 7.1
[01m[K/usr/include/c++/8/bits/stl_uninitialized.h:289:37:[m[K [01;36m[Knote: [m[Kparameter passing for argument of type ‘[01m[Kstd::move_iterator<dynamic_reconfigure::DoubleParameter_<std::allocator<void> >*>[m[K’ changed in GCC 7.1
     { return [01;36m[Kstd::uninitialized_copy(__first, __last, __result)[m[K; }
              [01;36m[K~~~~~~~~~~~~~~~~~~~~~~~^~~~~~~~~~~~~~~~~~~~~~~~~~~[m[K
[01m[K/usr/include/c++/8/bits/stl_uninitialized.h:[m[K In function ‘[01m[K_ForwardIterator std::uninitialized_copy(_InputIterator, _InputIterator, _ForwardIterator) [with _InputIterator = std::move_iterator<dynamic_reconfigure::DoubleParameter_<std::allocator<void> >*>; _ForwardIterator = dynamic_reconfigure::DoubleParameter_<std::allocator<void> >*][m[K’:
[01m[K/usr/include/c++/8/bits/stl_uninitialized.h:115:5:[m[K [01;36m[Knote: [m[Kparameter passing for argument of type ‘[01m[Kstd::move_iterator<dynamic_reconfigure::DoubleParameter_<std::allocator<void> >*>[m[K’ changed in GCC 7.1
     [01;36m[Kuninitialized_copy[m[K(_InputIterator __first, _InputIterator __last,
     [01;36m[K^~~~~~~~~~~~~~~~~~[m[K
[01m[K/usr/include/c++/8/bits/stl_uninitialized.h:115:5:[m[K [01;36m[Knote: [m[Kparameter passing for argument of type ‘[01m[Kstd::move_iterator<dynamic_reconfigure::DoubleParameter_<std::allocator<void> >*>[m[K’ changed in GCC 7.1
[01m[K/usr/include/c++/8/bits/stl_uninitialized.h:134:15:[m[K [01;36m[Knote: [m[Kparameter passing for argument of type ‘[01m[Kstd::move_iterator<dynamic_reconfigure::DoubleParameter_<std::allocator<void> >*>[m[K’ changed in GCC 7.1
       return [01;36m[Kstd::__uninitialized_copy<__is_trivial(_ValueType1)[m[K
              [01;36m[K~~~~~~~~~~~~~~~~~~~~~~~~~~~~~~~~~~~~~~~~~~~~~~~~~~~[m[K
 [01;36m[K           && __is_trivial(_ValueType2)[m[K
            [01;36m[K~~~~~~~~~~~~~~~~~~~~~~~~~~~~[m[K
 [01;36m[K           && __assignable>::[m[K
            [01;36m[K~~~~~~~~~~~~~~~~~~[m[K
 [01;36m[K __uninit_copy(__first, __last, __result)[m[K;
  [01;36m[K~~~~~~~~~~~~~^~~~~~~~~~~~~~~~~~~~~~~~~~~[m[K
[01m[K/usr/include/c++/8/bits/stl_uninitialized.h:[m[K In static member function ‘[01m[Kstatic _ForwardIterator std::__uninitialized_copy<_TrivialValueTypes>::__uninit_copy(_InputIterator, _InputIterator, _ForwardIterator) [with _InputIterator = std::move_iterator<dynamic_reconfigure::DoubleParameter_<std::allocator<void> >*>; _ForwardIterator = dynamic_reconfigure::DoubleParameter_<std::allocator<void> >*; bool _TrivialValueTypes = false][m[K’:
[01m[K/usr/include/c++/8/bits/stl_uninitialized.h:76:9:[m[K [01;36m[Knote: [m[Kparameter passing for argument of type ‘[01m[Kstd::move_iterator<dynamic_reconfigure::DoubleParameter_<std::allocator<void> >*>[m[K’ changed in GCC 7.1
         [01;36m[K__uninit_copy[m[K(_InputIterator __first, _InputIterator __last,
         [01;36m[K^~~~~~~~~~~~~[m[K
[01m[K/usr/include/c++/8/bits/stl_uninitialized.h:76:9:[m[K [01;36m[Knote: [m[Kparameter passing for argument of type ‘[01m[Kstd::move_iterator<dynamic_reconfigure::DoubleParameter_<std::allocator<void> >*>[m[K’ changed in GCC 7.1
[ 82%] Built target movement_node
[ 86%] [32m[1mLinking CXX executable /home/pi/catkin_ws/devel/.private/vmxpi_ros_bringup/lib/vmxpi_ros_bringup/test_node[0m
[ 86%] Built target test_node
make: *** [Makefile:141: all] Error 2
