In file included from [01m[K/usr/include/boost/bind.hpp:22[m[K,
                 from [01m[K/opt/ros/noetic/include/ros/publisher.h:35[m[K,
                 from [01m[K/opt/ros/noetic/include/ros/node_handle.h:32[m[K,
                 from [01m[K/opt/ros/noetic/include/ros/ros.h:45[m[K,
                 from [01m[K/home/pi/catkin_ws/src/vmxpi_ros/vmxpi_ros_navx/include/navX_ros_wrapper.h:4[m[K,
                 from [01m[K/home/pi/catkin_ws/src/vmxpi_ros/vmxpi_ros_navx/src/navX_ros_wrapper.cpp:1[m[K:
[01m[K/usr/include/boost/bind/bind_cc.hpp:[m[K In function ‘[01m[Kboost::_bi::bind_t<R, R (*)(B1), typename boost::_bi::list_av_1<A1>::type> boost::bind(R (*)(B1), A1) [with R = ros::SerializedMessage; B1 = const geometry_msgs::Vector3_<std::allocator<void> >&; A1 = boost::reference_wrapper<const geometry_msgs::Vector3_<std::allocator<void> > >][m[K’:
[01m[K/usr/include/boost/bind/bind_cc.hpp:26:5:[m[K [01;36m[Knote: [m[Kparameter passing for argument of type ‘[01m[Kboost::reference_wrapper<const geometry_msgs::Vector3_<std::allocator<void> > >[m[K’ changed in GCC 7.1
     [01;36m[KBOOST_BIND[m[K(BOOST_BIND_ST R (BOOST_BIND_CC *f) (B1) BOOST_BIND_NOEXCEPT, A1 a1)
     [01;36m[K^~~~~~~~~~[m[K
In file included from [01m[K/usr/include/boost/bind/bind.hpp:2127[m[K,
                 from [01m[K/usr/include/boost/bind.hpp:22[m[K,
                 from [01m[K/opt/ros/noetic/include/ros/publisher.h:35[m[K,
                 from [01m[K/opt/ros/noetic/include/ros/node_handle.h:32[m[K,
                 from [01m[K/opt/ros/noetic/include/ros/ros.h:45[m[K,
                 from [01m[K/home/pi/catkin_ws/src/vmxpi_ros/vmxpi_ros_navx/include/navX_ros_wrapper.h:4[m[K,
                 from [01m[K/home/pi/catkin_ws/src/vmxpi_ros/vmxpi_ros_navx/src/navX_ros_wrapper.cpp:1[m[K:
[01m[K/usr/include/boost/bind/bind_cc.hpp:30:58:[m[K [01;36m[Knote: [m[Kparameter passing for argument of type ‘[01m[Kboost::reference_wrapper<const geometry_msgs::Vector3_<std::allocator<void> > >[m[K’ changed in GCC 7.1
     return _bi::bind_t<R, F, list_type> (f, list_type(a1)[01;36m[K)[m[K;
                                                          [01;36m[K^[m[K
In file included from [01m[K/usr/include/boost/bind.hpp:22[m[K,
                 from [01m[K/opt/ros/noetic/include/ros/publisher.h:35[m[K,
                 from [01m[K/opt/ros/noetic/include/ros/node_handle.h:32[m[K,
                 from [01m[K/opt/ros/noetic/include/ros/ros.h:45[m[K,
                 from [01m[K/home/pi/catkin_ws/src/vmxpi_ros/vmxpi_ros_navx/include/navX_ros_wrapper.h:4[m[K,
                 from [01m[K/home/pi/catkin_ws/src/vmxpi_ros/vmxpi_ros_navx/src/navX_ros_wrapper.cpp:1[m[K:
[01m[K/usr/include/boost/bind/bind_cc.hpp:[m[K In function ‘[01m[Kboost::_bi::bind_t<R, R (*)(B1), typename boost::_bi::list_av_1<A1>::type> boost::bind(R (*)(B1), A1) [with R = ros::SerializedMessage; B1 = const std_msgs::UInt64_<std::allocator<void> >&; A1 = boost::reference_wrapper<const std_msgs::UInt64_<std::allocator<void> > >][m[K’:
[01m[K/usr/include/boost/bind/bind_cc.hpp:26:5:[m[K [01;36m[Knote: [m[Kparameter passing for argument of type ‘[01m[Kboost::reference_wrapper<const std_msgs::UInt64_<std::allocator<void> > >[m[K’ changed in GCC 7.1
     [01;36m[KBOOST_BIND[m[K(BOOST_BIND_ST R (BOOST_BIND_CC *f) (B1) BOOST_BIND_NOEXCEPT, A1 a1)
     [01;36m[K^~~~~~~~~~[m[K
In file included from [01m[K/usr/include/boost/bind/bind.hpp:2127[m[K,
                 from [01m[K/usr/include/boost/bind.hpp:22[m[K,
                 from [01m[K/opt/ros/noetic/include/ros/publisher.h:35[m[K,
                 from [01m[K/opt/ros/noetic/include/ros/node_handle.h:32[m[K,
                 from [01m[K/opt/ros/noetic/include/ros/ros.h:45[m[K,
                 from [01m[K/home/pi/catkin_ws/src/vmxpi_ros/vmxpi_ros_navx/include/navX_ros_wrapper.h:4[m[K,
                 from [01m[K/home/pi/catkin_ws/src/vmxpi_ros/vmxpi_ros_navx/src/navX_ros_wrapper.cpp:1[m[K:
[01m[K/usr/include/boost/bind/bind_cc.hpp:30:58:[m[K [01;36m[Knote: [m[Kparameter passing for argument of type ‘[01m[Kboost::reference_wrapper<const std_msgs::UInt64_<std::allocator<void> > >[m[K’ changed in GCC 7.1
     return _bi::bind_t<R, F, list_type> (f, list_type(a1)[01;36m[K)[m[K;
                                                          [01;36m[K^[m[K
In file included from [01m[K/usr/include/boost/bind.hpp:22[m[K,
                 from [01m[K/opt/ros/noetic/include/ros/publisher.h:35[m[K,
                 from [01m[K/opt/ros/noetic/include/ros/node_handle.h:32[m[K,
                 from [01m[K/opt/ros/noetic/include/ros/ros.h:45[m[K,
                 from [01m[K/home/pi/catkin_ws/src/vmxpi_ros/vmxpi_ros_navx/include/navX_ros_wrapper.h:4[m[K,
                 from [01m[K/home/pi/catkin_ws/src/vmxpi_ros/vmxpi_ros_navx/src/navX_ros_wrapper.cpp:1[m[K:
[01m[K/usr/include/boost/bind/bind_cc.hpp:[m[K In function ‘[01m[Kboost::_bi::bind_t<R, R (*)(B1), typename boost::_bi::list_av_1<A1>::type> boost::bind(R (*)(B1), A1) [with R = ros::SerializedMessage; B1 = const geometry_msgs::Quaternion_<std::allocator<void> >&; A1 = boost::reference_wrapper<const geometry_msgs::Quaternion_<std::allocator<void> > >][m[K’:
[01m[K/usr/include/boost/bind/bind_cc.hpp:26:5:[m[K [01;36m[Knote: [m[Kparameter passing for argument of type ‘[01m[Kboost::reference_wrapper<const geometry_msgs::Quaternion_<std::allocator<void> > >[m[K’ changed in GCC 7.1
     [01;36m[KBOOST_BIND[m[K(BOOST_BIND_ST R (BOOST_BIND_CC *f) (B1) BOOST_BIND_NOEXCEPT, A1 a1)
     [01;36m[K^~~~~~~~~~[m[K
In file included from [01m[K/usr/include/boost/bind/bind.hpp:2127[m[K,
                 from [01m[K/usr/include/boost/bind.hpp:22[m[K,
                 from [01m[K/opt/ros/noetic/include/ros/publisher.h:35[m[K,
                 from [01m[K/opt/ros/noetic/include/ros/node_handle.h:32[m[K,
                 from [01m[K/opt/ros/noetic/include/ros/ros.h:45[m[K,
                 from [01m[K/home/pi/catkin_ws/src/vmxpi_ros/vmxpi_ros_navx/include/navX_ros_wrapper.h:4[m[K,
                 from [01m[K/home/pi/catkin_ws/src/vmxpi_ros/vmxpi_ros_navx/src/navX_ros_wrapper.cpp:1[m[K:
[01m[K/usr/include/boost/bind/bind_cc.hpp:30:58:[m[K [01;36m[Knote: [m[Kparameter passing for argument of type ‘[01m[Kboost::reference_wrapper<const geometry_msgs::Quaternion_<std::allocator<void> > >[m[K’ changed in GCC 7.1
     return _bi::bind_t<R, F, list_type> (f, list_type(a1)[01;36m[K)[m[K;
                                                          [01;36m[K^[m[K
In file included from [01m[K/usr/include/boost/bind.hpp:22[m[K,
                 from [01m[K/opt/ros/noetic/include/ros/publisher.h:35[m[K,
                 from [01m[K/opt/ros/noetic/include/ros/node_handle.h:32[m[K,
                 from [01m[K/opt/ros/noetic/include/ros/ros.h:45[m[K,
                 from [01m[K/home/pi/catkin_ws/src/vmxpi_ros/vmxpi_ros_navx/include/navX_ros_wrapper.h:4[m[K,
                 from [01m[K/home/pi/catkin_ws/src/vmxpi_ros/vmxpi_ros_navx/src/navX_ros_wrapper.cpp:1[m[K:
[01m[K/usr/include/boost/bind/bind_cc.hpp:[m[K In function ‘[01m[Kboost::_bi::bind_t<R, R (*)(B1), typename boost::_bi::list_av_1<A1>::type> boost::bind(R (*)(B1), A1) [with R = ros::SerializedMessage; B1 = const std_msgs::Float64_<std::allocator<void> >&; A1 = boost::reference_wrapper<const std_msgs::Float64_<std::allocator<void> > >][m[K’:
[01m[K/usr/include/boost/bind/bind_cc.hpp:26:5:[m[K [01;36m[Knote: [m[Kparameter passing for argument of type ‘[01m[Kboost::reference_wrapper<const std_msgs::Float64_<std::allocator<void> > >[m[K’ changed in GCC 7.1
     [01;36m[KBOOST_BIND[m[K(BOOST_BIND_ST R (BOOST_BIND_CC *f) (B1) BOOST_BIND_NOEXCEPT, A1 a1)
     [01;36m[K^~~~~~~~~~[m[K
In file included from [01m[K/usr/include/boost/bind/bind.hpp:2127[m[K,
                 from [01m[K/usr/include/boost/bind.hpp:22[m[K,
                 from [01m[K/opt/ros/noetic/include/ros/publisher.h:35[m[K,
                 from [01m[K/opt/ros/noetic/include/ros/node_handle.h:32[m[K,
                 from [01m[K/opt/ros/noetic/include/ros/ros.h:45[m[K,
                 from [01m[K/home/pi/catkin_ws/src/vmxpi_ros/vmxpi_ros_navx/include/navX_ros_wrapper.h:4[m[K,
                 from [01m[K/home/pi/catkin_ws/src/vmxpi_ros/vmxpi_ros_navx/src/navX_ros_wrapper.cpp:1[m[K:
[01m[K/usr/include/boost/bind/bind_cc.hpp:30:58:[m[K [01;36m[Knote: [m[Kparameter passing for argument of type ‘[01m[Kboost::reference_wrapper<const std_msgs::Float64_<std::allocator<void> > >[m[K’ changed in GCC 7.1
     return _bi::bind_t<R, F, list_type> (f, list_type(a1)[01;36m[K)[m[K;
                                                          [01;36m[K^[m[K
In file included from [01m[K/usr/include/boost/bind.hpp:22[m[K,
                 from [01m[K/opt/ros/noetic/include/ros/publisher.h:35[m[K,
                 from [01m[K/opt/ros/noetic/include/ros/node_handle.h:32[m[K,
                 from [01m[K/opt/ros/noetic/include/ros/ros.h:45[m[K,
                 from [01m[K/home/pi/catkin_ws/src/vmxpi_ros/vmxpi_ros_navx/include/navX_ros_wrapper.h:4[m[K,
                 from [01m[K/home/pi/catkin_ws/src/vmxpi_ros/vmxpi_ros_navx/src/navX_ros_wrapper.cpp:1[m[K:
[01m[K/usr/include/boost/bind/bind_cc.hpp:[m[K In function ‘[01m[Kboost::_bi::bind_t<R, R (*)(B1), typename boost::_bi::list_av_1<A1>::type> boost::bind(R (*)(B1), A1) [with R = ros::SerializedMessage; B1 = const geometry_msgs::Point_<std::allocator<void> >&; A1 = boost::reference_wrapper<const geometry_msgs::Point_<std::allocator<void> > >][m[K’:
[01m[K/usr/include/boost/bind/bind_cc.hpp:26:5:[m[K [01;36m[Knote: [m[Kparameter passing for argument of type ‘[01m[Kboost::reference_wrapper<const geometry_msgs::Point_<std::allocator<void> > >[m[K’ changed in GCC 7.1
     [01;36m[KBOOST_BIND[m[K(BOOST_BIND_ST R (BOOST_BIND_CC *f) (B1) BOOST_BIND_NOEXCEPT, A1 a1)
     [01;36m[K^~~~~~~~~~[m[K
In file included from [01m[K/usr/include/boost/bind/bind.hpp:2127[m[K,
                 from [01m[K/usr/include/boost/bind.hpp:22[m[K,
                 from [01m[K/opt/ros/noetic/include/ros/publisher.h:35[m[K,
                 from [01m[K/opt/ros/noetic/include/ros/node_handle.h:32[m[K,
                 from [01m[K/opt/ros/noetic/include/ros/ros.h:45[m[K,
                 from [01m[K/home/pi/catkin_ws/src/vmxpi_ros/vmxpi_ros_navx/include/navX_ros_wrapper.h:4[m[K,
                 from [01m[K/home/pi/catkin_ws/src/vmxpi_ros/vmxpi_ros_navx/src/navX_ros_wrapper.cpp:1[m[K:
[01m[K/usr/include/boost/bind/bind_cc.hpp:30:58:[m[K [01;36m[Knote: [m[Kparameter passing for argument of type ‘[01m[Kboost::reference_wrapper<const geometry_msgs::Point_<std::allocator<void> > >[m[K’ changed in GCC 7.1
     return _bi::bind_t<R, F, list_type> (f, list_type(a1)[01;36m[K)[m[K;
                                                          [01;36m[K^[m[K
In file included from [01m[K/usr/include/boost/bind.hpp:22[m[K,
                 from [01m[K/opt/ros/noetic/include/ros/publisher.h:35[m[K,
                 from [01m[K/opt/ros/noetic/include/ros/node_handle.h:32[m[K,
                 from [01m[K/opt/ros/noetic/include/ros/ros.h:45[m[K,
                 from [01m[K/home/pi/catkin_ws/src/vmxpi_ros/vmxpi_ros_navx/include/navX_ros_wrapper.h:4[m[K,
                 from [01m[K/home/pi/catkin_ws/src/vmxpi_ros/vmxpi_ros_navx/src/navX_ros_wrapper.cpp:1[m[K:
[01m[K/usr/include/boost/bind/bind_cc.hpp:[m[K In function ‘[01m[Kboost::_bi::bind_t<R, R (*)(B1), typename boost::_bi::list_av_1<A1>::type> boost::bind(R (*)(B1), A1) [with R = ros::SerializedMessage; B1 = const geometry_msgs::Pose_<std::allocator<void> >&; A1 = boost::reference_wrapper<const geometry_msgs::Pose_<std::allocator<void> > >][m[K’:
[01m[K/usr/include/boost/bind/bind_cc.hpp:26:5:[m[K [01;36m[Knote: [m[Kparameter passing for argument of type ‘[01m[Kboost::reference_wrapper<const geometry_msgs::Pose_<std::allocator<void> > >[m[K’ changed in GCC 7.1
     [01;36m[KBOOST_BIND[m[K(BOOST_BIND_ST R (BOOST_BIND_CC *f) (B1) BOOST_BIND_NOEXCEPT, A1 a1)
     [01;36m[K^~~~~~~~~~[m[K
In file included from [01m[K/usr/include/boost/bind/bind.hpp:2127[m[K,
                 from [01m[K/usr/include/boost/bind.hpp:22[m[K,
                 from [01m[K/opt/ros/noetic/include/ros/publisher.h:35[m[K,
                 from [01m[K/opt/ros/noetic/include/ros/node_handle.h:32[m[K,
                 from [01m[K/opt/ros/noetic/include/ros/ros.h:45[m[K,
                 from [01m[K/home/pi/catkin_ws/src/vmxpi_ros/vmxpi_ros_navx/include/navX_ros_wrapper.h:4[m[K,
                 from [01m[K/home/pi/catkin_ws/src/vmxpi_ros/vmxpi_ros_navx/src/navX_ros_wrapper.cpp:1[m[K:
[01m[K/usr/include/boost/bind/bind_cc.hpp:30:58:[m[K [01;36m[Knote: [m[Kparameter passing for argument of type ‘[01m[Kboost::reference_wrapper<const geometry_msgs::Pose_<std::allocator<void> > >[m[K’ changed in GCC 7.1
     return _bi::bind_t<R, F, list_type> (f, list_type(a1)[01;36m[K)[m[K;
                                                          [01;36m[K^[m[K
In file included from [01m[K/usr/include/boost/bind.hpp:22[m[K,
                 from [01m[K/opt/ros/noetic/include/ros/publisher.h:35[m[K,
                 from [01m[K/opt/ros/noetic/include/ros/node_handle.h:32[m[K,
                 from [01m[K/opt/ros/noetic/include/ros/ros.h:45[m[K,
                 from [01m[K/home/pi/catkin_ws/src/vmxpi_ros/vmxpi_ros_navx/include/navX_ros_wrapper.h:4[m[K,
                 from [01m[K/home/pi/catkin_ws/src/vmxpi_ros/vmxpi_ros_navx/src/navX_ros_wrapper.cpp:1[m[K:
[01m[K/usr/include/boost/bind/bind.hpp:[m[K In constructor ‘[01m[Kboost::_bi::list1<A1>::list1(A1) [with A1 = boost::reference_wrapper<const geometry_msgs::Vector3_<std::allocator<void> > >][m[K’:
[01m[K/usr/include/boost/bind/bind.hpp:231:14:[m[K [01;36m[Knote: [m[Kparameter passing for argument of type ‘[01m[Kboost::reference_wrapper<const geometry_msgs::Vector3_<std::allocator<void> > >[m[K’ changed in GCC 7.1
     explicit [01;36m[Klist1[m[K( A1 a1 ): base_type( a1 ) {}
              [01;36m[K^~~~~[m[K
[01m[K/usr/include/boost/bind/bind.hpp:231:44:[m[K [01;36m[Knote: [m[Kparameter passing for argument of type ‘[01m[Kboost::reference_wrapper<const geometry_msgs::Vector3_<std::allocator<void> > >[m[K’ changed in GCC 7.1
     explicit list1( A1 a1 ): base_type( a1 [01;36m[K)[m[K {}
                                            [01;36m[K^[m[K
[01m[K/usr/include/boost/bind/bind.hpp:[m[K In constructor ‘[01m[Kboost::_bi::list1<A1>::list1(A1) [with A1 = boost::reference_wrapper<const std_msgs::UInt64_<std::allocator<void> > >][m[K’:
[01m[K/usr/include/boost/bind/bind.hpp:231:14:[m[K [01;36m[Knote: [m[Kparameter passing for argument of type ‘[01m[Kboost::reference_wrapper<const std_msgs::UInt64_<std::allocator<void> > >[m[K’ changed in GCC 7.1
     explicit [01;36m[Klist1[m[K( A1 a1 ): base_type( a1 ) {}
              [01;36m[K^~~~~[m[K
[01m[K/usr/include/boost/bind/bind.hpp:231:44:[m[K [01;36m[Knote: [m[Kparameter passing for argument of type ‘[01m[Kboost::reference_wrapper<const std_msgs::UInt64_<std::allocator<void> > >[m[K’ changed in GCC 7.1
     explicit list1( A1 a1 ): base_type( a1 [01;36m[K)[m[K {}
                                            [01;36m[K^[m[K
[01m[K/usr/include/boost/bind/bind.hpp:[m[K In constructor ‘[01m[Kboost::_bi::list1<A1>::list1(A1) [with A1 = boost::reference_wrapper<const geometry_msgs::Quaternion_<std::allocator<void> > >][m[K’:
[01m[K/usr/include/boost/bind/bind.hpp:231:14:[m[K [01;36m[Knote: [m[Kparameter passing for argument of type ‘[01m[Kboost::reference_wrapper<const geometry_msgs::Quaternion_<std::allocator<void> > >[m[K’ changed in GCC 7.1
     explicit [01;36m[Klist1[m[K( A1 a1 ): base_type( a1 ) {}
              [01;36m[K^~~~~[m[K
[01m[K/usr/include/boost/bind/bind.hpp:231:44:[m[K [01;36m[Knote: [m[Kparameter passing for argument of type ‘[01m[Kboost::reference_wrapper<const geometry_msgs::Quaternion_<std::allocator<void> > >[m[K’ changed in GCC 7.1
     explicit list1( A1 a1 ): base_type( a1 [01;36m[K)[m[K {}
                                            [01;36m[K^[m[K
[01m[K/usr/include/boost/bind/bind.hpp:[m[K In constructor ‘[01m[Kboost::_bi::list1<A1>::list1(A1) [with A1 = boost::reference_wrapper<const std_msgs::Float64_<std::allocator<void> > >][m[K’:
[01m[K/usr/include/boost/bind/bind.hpp:231:14:[m[K [01;36m[Knote: [m[Kparameter passing for argument of type ‘[01m[Kboost::reference_wrapper<const std_msgs::Float64_<std::allocator<void> > >[m[K’ changed in GCC 7.1
     explicit [01;36m[Klist1[m[K( A1 a1 ): base_type( a1 ) {}
              [01;36m[K^~~~~[m[K
[01m[K/usr/include/boost/bind/bind.hpp:231:44:[m[K [01;36m[Knote: [m[Kparameter passing for argument of type ‘[01m[Kboost::reference_wrapper<const std_msgs::Float64_<std::allocator<void> > >[m[K’ changed in GCC 7.1
     explicit list1( A1 a1 ): base_type( a1 [01;36m[K)[m[K {}
                                            [01;36m[K^[m[K
[01m[K/usr/include/boost/bind/bind.hpp:[m[K In constructor ‘[01m[Kboost::_bi::list1<A1>::list1(A1) [with A1 = boost::reference_wrapper<const geometry_msgs::Point_<std::allocator<void> > >][m[K’:
[01m[K/usr/include/boost/bind/bind.hpp:231:14:[m[K [01;36m[Knote: [m[Kparameter passing for argument of type ‘[01m[Kboost::reference_wrapper<const geometry_msgs::Point_<std::allocator<void> > >[m[K’ changed in GCC 7.1
     explicit [01;36m[Klist1[m[K( A1 a1 ): base_type( a1 ) {}
              [01;36m[K^~~~~[m[K
[01m[K/usr/include/boost/bind/bind.hpp:231:44:[m[K [01;36m[Knote: [m[Kparameter passing for argument of type ‘[01m[Kboost::reference_wrapper<const geometry_msgs::Point_<std::allocator<void> > >[m[K’ changed in GCC 7.1
     explicit list1( A1 a1 ): base_type( a1 [01;36m[K)[m[K {}
                                            [01;36m[K^[m[K
[01m[K/usr/include/boost/bind/bind.hpp:[m[K In constructor ‘[01m[Kboost::_bi::list1<A1>::list1(A1) [with A1 = boost::reference_wrapper<const geometry_msgs::Pose_<std::allocator<void> > >][m[K’:
[01m[K/usr/include/boost/bind/bind.hpp:231:14:[m[K [01;36m[Knote: [m[Kparameter passing for argument of type ‘[01m[Kboost::reference_wrapper<const geometry_msgs::Pose_<std::allocator<void> > >[m[K’ changed in GCC 7.1
     explicit [01;36m[Klist1[m[K( A1 a1 ): base_type( a1 ) {}
              [01;36m[K^~~~~[m[K
[01m[K/usr/include/boost/bind/bind.hpp:231:44:[m[K [01;36m[Knote: [m[Kparameter passing for argument of type ‘[01m[Kboost::reference_wrapper<const geometry_msgs::Pose_<std::allocator<void> > >[m[K’ changed in GCC 7.1
     explicit list1( A1 a1 ): base_type( a1 [01;36m[K)[m[K {}
                                            [01;36m[K^[m[K
In file included from [01m[K/usr/include/boost/bind/bind.hpp:47[m[K,
                 from [01m[K/usr/include/boost/bind.hpp:22[m[K,
                 from [01m[K/opt/ros/noetic/include/ros/publisher.h:35[m[K,
                 from [01m[K/opt/ros/noetic/include/ros/node_handle.h:32[m[K,
                 from [01m[K/opt/ros/noetic/include/ros/ros.h:45[m[K,
                 from [01m[K/home/pi/catkin_ws/src/vmxpi_ros/vmxpi_ros_navx/include/navX_ros_wrapper.h:4[m[K,
                 from [01m[K/home/pi/catkin_ws/src/vmxpi_ros/vmxpi_ros_navx/src/navX_ros_wrapper.cpp:1[m[K:
[01m[K/usr/include/boost/bind/storage.hpp:[m[K In constructor ‘[01m[Kboost::_bi::storage1<A1>::storage1(A1) [with A1 = boost::reference_wrapper<const geometry_msgs::Vector3_<std::allocator<void> > >][m[K’:
[01m[K/usr/include/boost/bind/storage.hpp:42:14:[m[K [01;36m[Knote: [m[Kparameter passing for argument of type ‘[01m[Kboost::reference_wrapper<const geometry_msgs::Vector3_<std::allocator<void> > >[m[K’ changed in GCC 7.1
     explicit [01;36m[Kstorage1[m[K( A1 a1 ): a1_( a1 ) {}
              [01;36m[K^~~~~~~~[m[K
[01m[K/usr/include/boost/bind/storage.hpp:[m[K In constructor ‘[01m[Kboost::_bi::storage1<A1>::storage1(A1) [with A1 = boost::reference_wrapper<const std_msgs::UInt64_<std::allocator<void> > >][m[K’:
[01m[K/usr/include/boost/bind/storage.hpp:42:14:[m[K [01;36m[Knote: [m[Kparameter passing for argument of type ‘[01m[Kboost::reference_wrapper<const std_msgs::UInt64_<std::allocator<void> > >[m[K’ changed in GCC 7.1
[01m[K/usr/include/boost/bind/storage.hpp:[m[K In constructor ‘[01m[Kboost::_bi::storage1<A1>::storage1(A1) [with A1 = boost::reference_wrapper<const geometry_msgs::Quaternion_<std::allocator<void> > >][m[K’:
[01m[K/usr/include/boost/bind/storage.hpp:42:14:[m[K [01;36m[Knote: [m[Kparameter passing for argument of type ‘[01m[Kboost::reference_wrapper<const geometry_msgs::Quaternion_<std::allocator<void> > >[m[K’ changed in GCC 7.1
[01m[K/usr/include/boost/bind/storage.hpp:[m[K In constructor ‘[01m[Kboost::_bi::storage1<A1>::storage1(A1) [with A1 = boost::reference_wrapper<const std_msgs::Float64_<std::allocator<void> > >][m[K’:
[01m[K/usr/include/boost/bind/storage.hpp:42:14:[m[K [01;36m[Knote: [m[Kparameter passing for argument of type ‘[01m[Kboost::reference_wrapper<const std_msgs::Float64_<std::allocator<void> > >[m[K’ changed in GCC 7.1
[01m[K/usr/include/boost/bind/storage.hpp:[m[K In constructor ‘[01m[Kboost::_bi::storage1<A1>::storage1(A1) [with A1 = boost::reference_wrapper<const geometry_msgs::Point_<std::allocator<void> > >][m[K’:
[01m[K/usr/include/boost/bind/storage.hpp:42:14:[m[K [01;36m[Knote: [m[Kparameter passing for argument of type ‘[01m[Kboost::reference_wrapper<const geometry_msgs::Point_<std::allocator<void> > >[m[K’ changed in GCC 7.1
[01m[K/usr/include/boost/bind/storage.hpp:[m[K In constructor ‘[01m[Kboost::_bi::storage1<A1>::storage1(A1) [with A1 = boost::reference_wrapper<const geometry_msgs::Pose_<std::allocator<void> > >][m[K’:
[01m[K/usr/include/boost/bind/storage.hpp:42:14:[m[K [01;36m[Knote: [m[Kparameter passing for argument of type ‘[01m[Kboost::reference_wrapper<const geometry_msgs::Pose_<std::allocator<void> > >[m[K’ changed in GCC 7.1
